{
  "stats": {
    "suites": 1,
    "tests": 4,
    "passes": 3,
    "pending": 0,
    "failures": 1,
    "start": "2025-04-19T14:52:23.291Z",
    "end": "2025-04-19T14:53:20.551Z",
    "duration": 57260,
    "testsRegistered": 4,
    "passPercent": 75,
    "pendingPercent": 0,
    "other": 0,
    "hasOther": false,
    "skipped": 0,
    "hasSkipped": false
  },
  "results": [
    {
      "uuid": "693be577-5a04-441a-8338-27b57c7bdb45",
      "title": "",
      "fullFile": "cypress\\e2e\\test_01_user_login_verify_test_01.cy.js",
      "file": "cypress\\e2e\\test_01_user_login_verify_test_01.cy.js",
      "beforeHooks": [],
      "afterHooks": [],
      "tests": [],
      "suites": [
        {
          "uuid": "1cd18805-b29a-40e7-8d48-d071b32c9216",
          "title": "Login Tests",
          "fullFile": "",
          "file": "",
          "beforeHooks": [],
          "afterHooks": [],
          "tests": [
            {
              "title": "Login User Validation with Valid Usrname and Password 01",
              "fullTitle": "Login Tests Login User Validation with Valid Usrname and Password 01",
              "timedOut": null,
              "duration": 35468,
              "state": "failed",
              "speed": null,
              "pass": false,
              "fail": true,
              "pending": false,
              "context": null,
              "code": "loginPage.enterUsername(loginData.validUsernamePassword.username);\nloginPage.enterPassword(loginData.validUsernamePassword.password);\nloginPage.clickOnLogin();\n(0, _utils.assertText)(_projectConstants.PAGE_TITLES.home);\nloginPage.clickOnUserLogDropdown();\n(0, _utils.waitForElementToLoad)(5000);\nloginPage.clickOnLogut();\n(0, _utils.waitForElementToLoad)(5000);\n(0, _utils.assertText)(_projectConstants.PAGE_TITLES.login);",
              "err": {
                "message": "AssertionError: Timed out retrying after 10000ms: Expected to find content: 'Forgot your password?' but never did.",
                "estack": "AssertionError: Timed out retrying after 10000ms: Expected to find content: 'Forgot your password?' but never did.\n    at assertText (webpack://orangehrmautomation/./cypress/support/utils.js:24:7)\n    at Context.eval (webpack://orangehrmautomation/./cypress/e2e/test_01_user_login_verify_test_01.cy.js:39:19)",
                "diff": null
              },
              "uuid": "15d1c4c0-1314-41b5-9d99-dc0942055f1e",
              "parentUUID": "1cd18805-b29a-40e7-8d48-d071b32c9216",
              "isHook": false,
              "skipped": false
            },
            {
              "title": "Login User Validation with Invalid Username and Valid Password 02",
              "fullTitle": "Login Tests Login User Validation with Invalid Username and Valid Password 02",
              "timedOut": null,
              "duration": 3783,
              "state": "passed",
              "speed": "fast",
              "pass": true,
              "fail": false,
              "pending": false,
              "context": null,
              "code": "loginPage.enterUsername(loginData.invalidUsername.username);\nloginPage.enterPassword(loginData.invalidUsername.password);\nloginPage.clickOnLogin();\n(0, _utils.assertText)(_projectConstants.PAGE_TITLES.invalidUsernameMessage);",
              "err": {},
              "uuid": "c72e5b75-3198-441c-9f62-7dc470e1b416",
              "parentUUID": "1cd18805-b29a-40e7-8d48-d071b32c9216",
              "isHook": false,
              "skipped": false
            },
            {
              "title": "Login User Validation with Valid Username and Invalid Password 03",
              "fullTitle": "Login Tests Login User Validation with Valid Username and Invalid Password 03",
              "timedOut": null,
              "duration": 3633,
              "state": "passed",
              "speed": "fast",
              "pass": true,
              "fail": false,
              "pending": false,
              "context": null,
              "code": "loginPage.enterUsername(loginData.invalidPassword.username);\nloginPage.enterPassword(loginData.invalidPassword.password);\nloginPage.clickOnLogin();\n(0, _utils.assertText)(_projectConstants.PAGE_TITLES.invalidPasswordMessage);",
              "err": {},
              "uuid": "0d4d6ba1-0cc5-4989-b3bd-0da1b65c5282",
              "parentUUID": "1cd18805-b29a-40e7-8d48-d071b32c9216",
              "isHook": false,
              "skipped": false
            },
            {
              "title": "Login User Validation with Empty Username and Empty Password 04",
              "fullTitle": "Login Tests Login User Validation with Empty Username and Empty Password 04",
              "timedOut": null,
              "duration": 3042,
              "state": "passed",
              "speed": "fast",
              "pass": true,
              "fail": false,
              "pending": false,
              "context": null,
              "code": "loginPage.enterUsername(loginData.emptyUsernamePassword.username);\nloginPage.enterPassword(loginData.emptyUsernamePassword.password);\nloginPage.clickOnLogin();\n(0, _utils.assertText)(_projectConstants.PAGE_TITLES.emptyUsernamePasswordMessage);",
              "err": {},
              "uuid": "f61b6ee2-d546-4149-850a-7fe669aec3be",
              "parentUUID": "1cd18805-b29a-40e7-8d48-d071b32c9216",
              "isHook": false,
              "skipped": false
            }
          ],
          "suites": [],
          "passes": [
            "c72e5b75-3198-441c-9f62-7dc470e1b416",
            "0d4d6ba1-0cc5-4989-b3bd-0da1b65c5282",
            "f61b6ee2-d546-4149-850a-7fe669aec3be"
          ],
          "failures": [
            "15d1c4c0-1314-41b5-9d99-dc0942055f1e"
          ],
          "pending": [],
          "skipped": [],
          "duration": 45926,
          "root": false,
          "rootEmpty": false,
          "_timeout": 2000
        }
      ],
      "passes": [],
      "failures": [],
      "pending": [],
      "skipped": [],
      "duration": 0,
      "root": true,
      "rootEmpty": true,
      "_timeout": 2000
    }
  ],
  "meta": {
    "mocha": {
      "version": "7.0.1"
    },
    "mochawesome": {
      "options": {
        "quiet": false,
        "reportFilename": "mochawesome",
        "saveHtml": true,
        "saveJson": true,
        "consoleReporter": "spec",
        "useInlineDiffs": false,
        "code": true
      },
      "version": "7.1.3"
    },
    "marge": {
      "options": {
        "reportDir": "cypress/report/mochawesome-report",
        "overwrite": false,
        "html": true,
        "json": true,
        "charts": true
      },
      "version": "6.2.0"
    }
  }
}